<?xml version="1.0" encoding="UTF-8"?>
<testng-results ignored="0" total="1" passed="1" failed="0" skipped="0">
  <reporter-output>
  </reporter-output>
  <suite started-at="2023-01-02T23:50:55 EST" name="Suite" finished-at="2023-01-02T23:51:10 EST" duration-ms="14984">
    <groups>
    </groups>
    <test started-at="2023-01-02T23:50:55 EST" name="Test" finished-at="2023-01-02T23:51:10 EST" duration-ms="14984">
      <class name="Learning.ExtentReport1.ExtentReportDemo">
        <test-method is-config="true" signature="config()[pri:0, instance:Learning.ExtentReport1.ExtentReportDemo@6cd28fa7]" started-at="2023-01-02T23:50:55 EST" name="config" finished-at="2023-01-02T23:50:56 EST" duration-ms="355" status="PASS">
          <reporter-output>
          </reporter-output>
        </test-method> <!-- config -->
        <test-method signature="initialDemo()[pri:0, instance:Learning.ExtentReport1.ExtentReportDemo@6cd28fa7]" started-at="2023-01-02T23:50:56 EST" name="initialDemo" finished-at="2023-01-02T23:51:10 EST" duration-ms="14587" status="PASS">
          <reporter-output>
          </reporter-output>
        </test-method> <!-- initialDemo -->
      </class> <!-- Learning.ExtentReport1.ExtentReportDemo -->
    </test> <!-- Test -->
  </suite> <!-- Suite -->
</testng-results>
